{
  "0 debug pnpm:scope": {
    "selected": 1
  },
  "1 info pnpm": {
    "err": {
      "name": "Error",
      "message": "not found: dev",
      "code": "ENOENT",
      "stack": "Error: not found: dev\n    at getNotFoundError (C:\\Users\\Administrator\\.node\\corepack\\pnpm\\6.22.2\\dist\\pnpm.cjs:36327:51)\n    at Function.whichSync [as sync] (C:\\Users\\Administrator\\.node\\corepack\\pnpm\\6.22.2\\dist\\pnpm.cjs:36404:13)\n    at getCommandAbsolutePathSync (C:\\Users\\Administrator\\.node\\corepack\\pnpm\\6.22.2\\dist\\pnpm.cjs:37969:44)\n    at default_1 (C:\\Users\\Administrator\\.node\\corepack\\pnpm\\6.22.2\\dist\\pnpm.cjs:37978:32)\n    at C:\\Users\\Administrator\\.node\\corepack\\pnpm\\6.22.2\\dist\\pnpm.cjs:130156:39"
    }
  },
  "2 error pnpm": {
    "code": "ERR_PNPM_RECURSIVE_EXEC_FIRST_FAIL",
    "prefix": "C:\\Users\\Administrator",
    "err": {
      "name": "pnpm",
      "message": "not found: dev",
      "code": "ERR_PNPM_RECURSIVE_EXEC_FIRST_FAIL",
      "stack": "Error: not found: dev\n    at getNotFoundError (C:\\Users\\Administrator\\.node\\corepack\\pnpm\\6.22.2\\dist\\pnpm.cjs:36327:51)\n    at Function.whichSync [as sync] (C:\\Users\\Administrator\\.node\\corepack\\pnpm\\6.22.2\\dist\\pnpm.cjs:36404:13)\n    at getCommandAbsolutePathSync (C:\\Users\\Administrator\\.node\\corepack\\pnpm\\6.22.2\\dist\\pnpm.cjs:37969:44)\n    at default_1 (C:\\Users\\Administrator\\.node\\corepack\\pnpm\\6.22.2\\dist\\pnpm.cjs:37978:32)\n    at C:\\Users\\Administrator\\.node\\corepack\\pnpm\\6.22.2\\dist\\pnpm.cjs:130156:39"
    }
  }
}